#AUDIOSCROBBLER/1.1
#TZ/UNKNOWN
#CLIENT/Rockbox sansaclipzip $Revision$
Blut aus Nord	Memoria Vetusta II: Dialogue With the Stars	Acceptance (Aske)	1	90	L	1441747021	d1e4bca2-b434-4170-997f-29093dc51d4e
Blut aus Nord	Memoria Vetusta II: Dialogue With the Stars	Disciple's Libration (Lost in the Nine Worlds)	2	546	L	1441747112	3ae33438-82d7-4045-ba06-5cfd8314e3da
Blut aus Nord	Memoria Vetusta II: Dialogue With the Stars	The Cosmic Echoes of Non-Matter (Immaterial Voices of the Fathers)	3	389	L	1441747658	1e533404-9652-4bfa-a58c-dea74dc730ab
Blut aus Nord	Memoria Vetusta II: Dialogue With the Stars	Translucent Body of Air (Sutta Anapanasati)	4	144	L	1441748048	af0fe435-3a71-4751-a7c8-53aeb3cbc144
Blut aus Nord	Memoria Vetusta II: Dialogue With the Stars	The Formless Sphere (Beyond the Reason)	8	473	L	1441748192	e4bfcca7-8459-4e8c-92e0-612e66711433
Blut aus Nord	Memoria Vetusta II: Dialogue With the Stars	...the Meditant (Dialogue With the Stars)	6	614	L	1441748665	4e24d73d-653b-4c4b-9c3c-feef0703f202
Blut aus Nord	Memoria Vetusta II: Dialogue With the Stars	The Alcove of Angels (Vipassana)	7	523	L	1441749279	50d05f37-0422-4618-bcf2-05dfdf9cfcc9
Blut aus Nord	Memoria Vetusta II: Dialogue With the Stars	Antithesis of the Flesh (...and Then Arises a New Essence)	5	567	L	1441749802	6b86d2b4-489f-4292-90be-5cd821fec97b
Blut aus Nord	Memoria Vetusta II: Dialogue With the Stars	Elevation	9	250	L	1441750370	d29b5d73-927d-435d-8be8-3fdb3565418f
Blut aus Nord	777 - Sect(s)	Epitome 01	1	477	L	1441809082	326c66ac-4070-4e4f-9324-fa67e6b2ef3e
Blut aus Nord	777 - Sect(s)	Epitome 02	2	411	L	1441809560	d8c353d9-159e-44e3-ac24-22d0df907815
Blut aus Nord	777 - Sect(s)	Epitome 03	3	291	L	1441809972	49df6f12-34ba-405a-ada1-e21e0d351021
Blut aus Nord	777 - Sect(s)	Epitome 04	4	712	L	1441810264	54bb1261-55bb-4c93-bcd4-4b8e6a41a840
Blut aus Nord	777 - Sect(s)	Epitome 05	5	384	L	1441810976	c58e6459-7ac1-4def-9fc1-fa77d5f40cbd
Blut aus Nord	777 - Sect(s)	Epitome 06	6	450	L	1441811360	b8a5f634-5ae7-4843-a94c-7293b380fe60
Blut aus Nord	777 - The Desanctification	Epitome VII	1	510	L	1441818419	9e3a1264-30ca-4240-80a5-d3b03552fc01
Blut aus Nord	777 - The Desanctification	Epitome VIII	2	387	L	1441818930	64295c3d-3ce6-47de-9fa8-cee3fd3dd1e7
Blut aus Nord	777 - The Desanctification	Epitome IX	3	127	L	1441819317	1cb96339-7afe-41b7-8cba-f28f6214f4a5
Blut aus Nord	777 - The Desanctification	Epitome X	4	445	L	1441819445	b0d35307-26b9-4bcd-b549-c9ff232f6630
Blut aus Nord	777 - The Desanctification	Epitome XI	5	372	L	1441819890	066e1e7a-d394-42e6-9946-2e0c4fceab9c
Blut aus Nord	777 - The Desanctification	Epitome XII	6	359	L	1441820262	f6860ab7-fb25-40c8-8bdf-ca4dd84bf070
Blut aus Nord	777 - The Desanctification	Epitome XIII	7	426	L	1441820621	df773ddb-258b-4c41-84eb-e681c13973ac
Blut aus Nord	777 - Cosmosophy	Epitome XIV	1	535	L	1441890670	83ae2bf2-c835-4378-84e3-34b0117902ef
Blut aus Nord	777 - Cosmosophy	Epitome XV	2	374	L	1441891205	87ecbdd8-2885-4b18-8ef7-254df42ebb28
Blut aus Nord	777 - Cosmosophy	Epitome XVI	3	618	L	1441891579	70eb455c-d511-4545-abd4-dce25502332a
Blut aus Nord	777 - Cosmosophy	Epitome XVII	4	567	L	1441892197	dcf9840c-8457-4e21-9ec4-3a474113ab14
Blut aus Nord	777 - Cosmosophy	Epitome XVIII	5	661	L	1441892764	c1a92b0f-c3df-4fc1-bbf0-8a64c10083d7
Blut aus Nord	What Once Was... Liber I	I	1	963	L	1441894291	0b0a686a-a62e-4e3c-aa6c-c79252841382
Blut aus Nord	What Once Was... Liber I	II	2	897	L	1441895254	5a6564b7-cc06-4a78-b35a-66e6d9eb8a34
Blut aus Nord	What Once Was... Liber II	I	1	864	L	1441896150	7abb5513-71d1-49a3-acdf-02caa0803f55
Blut aus Nord	What Once Was... Liber II	II	2	864	L	1441897014	c3a5fc96-df55-4745-9331-687b121dc1ed
Blut aus Nord	What Once Was... Liber III	I	1	311	L	1441897878	7d27f7ed-5c2a-4146-a115-10daeece71e3
Blut aus Nord	What Once Was... Liber III	II	2	268	L	1441898190	5cd66310-5995-433b-afd2-2fd6348eec79
Blut aus Nord	What Once Was... Liber III	III	3	316	L	1441898458	9f7806b1-ccfc-43ec-873a-55ff5cc06d78
Blut aus Nord	What Once Was... Liber III	IV	4	273	L	1441898774	d8270cbf-864c-4cf5-b019-0770c3da11db
Blut aus Nord	What Once Was... Liber III	V	5	230	L	1441899048	73c7350f-cd12-4d3f-b2e0-50233e4eaf54
Blut aus Nord	What Once Was... Liber III	VI	6	287	L	1441899278	0a199b42-9399-4301-aaf7-ba794041f0d1
King Crimson	Islands	Formentera Lady	1	615	L	1441906828	
King Crimson	Islands	Sailor's Tale	2	448	L	1441907444	
King Crimson	Islands	The Letters	3	264	L	1441907893	
King Crimson	Islands	Ladies of the Road	4	333	L	1441908157	
King Crimson	Islands	Prelude: Song of the Gulls	5	253	L	1441908490	
King Crimson	Islands	Islands	6	710	L	1441908744	
Godspeed You! Black Emperor	Yanqui U.X.O.	09-15-00 (Part One)	1	987	L	1441937107	9a414931-0cb3-48ec-861e-0c4c344199c5
Godspeed You! Black Emperor	Yanqui U.X.O.	09-15-00 (Part Two)	2	376	L	1441938141	015dd4e2-ec52-4835-a0f3-378a8277cf32
Godspeed You! Black Emperor	Yanqui U.X.O.	Rockets Fall on Rocket Falls	3	1242	L	1441938518	1ff480f2-07b9-4fe3-b2ae-b32273f62784
Godspeed You! Black Emperor	Yanqui U.X.O.	Motherfucker=Redeemer, Part 1	4	1282	L	1441939760	42ec1518-90ad-4cf0-a0a7-dba60f30e3df
Godspeed You! Black Emperor	Yanqui U.X.O.	Motherfucker=Redeemer, Part 2	5	610	L	1441941041	e3ec1d52-597e-413e-94f1-e3c1e2f8819c
Blut aus Nord	Memoria Vetusta III: Saturnian Poetry	Prelude	1	82	L	1441984918	c3826a4d-6b17-496d-8e89-71e62dad4761
Blut aus Nord	Memoria Vetusta III: Saturnian Poetry	Païen	2	475	L	1441985005	891eca70-eba3-42d0-89c0-7d55f33ccbcd
Blut aus Nord	Memoria Vetusta III: Saturnian Poetry	Tellus mater	3	378	L	1441985480	b7f8adc4-5c84-4ac2-aac4-421278584082
Blut aus Nord	Memoria Vetusta III: Saturnian Poetry	Forhist	4	536	L	1441985859	b5404b0b-2ce1-478b-9bcc-1914ce514a33
Blut aus Nord	Memoria Vetusta III: Saturnian Poetry	Henosis	5	448	L	1441986395	c034a65b-e87f-4346-8366-e9e25c120d4d
Blut aus Nord	Memoria Vetusta III: Saturnian Poetry	The Metaphor of the Moon	6	491	L	1441986843	aca77dc3-df95-452a-aaf9-1d119ecb17ad
Blut aus Nord	Memoria Vetusta III: Saturnian Poetry	Clarissima mundi lumina	7	509	L	1441987335	b8426215-d491-4859-b602-15f0d2c3e264
James Blackshaw	The Glass Bead Game	Cross	1	518	L	1442078503	dc35ab83-9691-40c1-90ce-f7ad830ff2ef
James Blackshaw	The Glass Bead Game	Bled	2	625	L	1442079021	8c1a695d-a813-4cb3-a62f-6e7405cf01df
James Blackshaw	The Glass Bead Game	Fix	3	338	L	1442079647	43f76a52-1fce-4389-9c9c-77825e2772bd
James Blackshaw	The Glass Bead Game	Key	4	362	L	1442079985	0f80efa9-ec0c-4383-abbf-bba574e0ed3f
James Blackshaw	The Glass Bead Game	Arc	5	1128	L	1442080348	8f821a16-82cc-4842-ba06-abecd6f1bc1c
King Crimson	Islands	Formentera Lady	1	615	L	1442088941	
King Crimson	Islands	Sailor's Tale	2	448	L	1442089557	
King Crimson	Islands	The Letters	3	264	L	1442090006	
King Crimson	Islands	Ladies of the Road	4	333	L	1442090270	
King Crimson	Islands	Prelude: Song of the Gulls	5	253	L	1442090603	
King Crimson	Islands	Islands	6	710	L	1442090857	
Blut aus Nord	Memoria Vetusta II: Dialogue With the Stars	Acceptance (Aske)	1	90	L	1442092338	d1e4bca2-b434-4170-997f-29093dc51d4e
Blut aus Nord	Memoria Vetusta II: Dialogue With the Stars	Disciple's Libration (Lost in the Nine Worlds)	2	546	L	1442092428	3ae33438-82d7-4045-ba06-5cfd8314e3da
Blut aus Nord	Memoria Vetusta II: Dialogue With the Stars	The Cosmic Echoes of Non-Matter (Immaterial Voices of the Fathers)	3	389	L	1442092974	1e533404-9652-4bfa-a58c-dea74dc730ab
Blut aus Nord	Memoria Vetusta II: Dialogue With the Stars	Translucent Body of Air (Sutta Anapanasati)	4	144	L	1442093364	af0fe435-3a71-4751-a7c8-53aeb3cbc144
Blut aus Nord	Memoria Vetusta II: Dialogue With the Stars	The Formless Sphere (Beyond the Reason)	8	473	L	1442093508	e4bfcca7-8459-4e8c-92e0-612e66711433
Blut aus Nord	Memoria Vetusta II: Dialogue With the Stars	...the Meditant (Dialogue With the Stars)	6	614	L	1442093981	4e24d73d-653b-4c4b-9c3c-feef0703f202
Blut aus Nord	Memoria Vetusta II: Dialogue With the Stars	The Alcove of Angels (Vipassana)	7	523	L	1442094595	50d05f37-0422-4618-bcf2-05dfdf9cfcc9
Blut aus Nord	Memoria Vetusta II: Dialogue With the Stars	Antithesis of the Flesh (...and Then Arises a New Essence)	5	567	L	1442095118	6b86d2b4-489f-4292-90be-5cd821fec97b
Blut aus Nord	Memoria Vetusta II: Dialogue With the Stars	Elevation	9	250	L	1442095686	d29b5d73-927d-435d-8be8-3fdb3565418f
Blut aus Nord	777 - Cosmosophy	Epitome XIV	1	535	L	1442095937	83ae2bf2-c835-4378-84e3-34b0117902ef
Blut aus Nord	777 - Cosmosophy	Epitome XV	2	374	L	1442096471	87ecbdd8-2885-4b18-8ef7-254df42ebb28
Blut aus Nord	777 - Cosmosophy	Epitome XVI	3	618	L	1442096845	70eb455c-d511-4545-abd4-dce25502332a
Blut aus Nord	777 - Cosmosophy	Epitome XVII	4	567	L	1442097464	dcf9840c-8457-4e21-9ec4-3a474113ab14
Blut aus Nord	777 - Cosmosophy	Epitome XVIII	5	661	L	1442098030	c1a92b0f-c3df-4fc1-bbf0-8a64c10083d7
Blut aus Nord	Memoria Vetusta III: Saturnian Poetry	Prelude	1	82	L	1442142647	c3826a4d-6b17-496d-8e89-71e62dad4761
Blut aus Nord	Memoria Vetusta III: Saturnian Poetry	Païen	2	475	L	1442142734	891eca70-eba3-42d0-89c0-7d55f33ccbcd
Blut aus Nord	Memoria Vetusta III: Saturnian Poetry	Tellus mater	3	378	L	1442143209	b7f8adc4-5c84-4ac2-aac4-421278584082
Blut aus Nord	Memoria Vetusta III: Saturnian Poetry	Forhist	4	536	L	1442143588	b5404b0b-2ce1-478b-9bcc-1914ce514a33
Blut aus Nord	Memoria Vetusta III: Saturnian Poetry	Henosis	5	448	L	1442144124	c034a65b-e87f-4346-8366-e9e25c120d4d
Blut aus Nord	Memoria Vetusta III: Saturnian Poetry	The Metaphor of the Moon	6	491	L	1442144572	aca77dc3-df95-452a-aaf9-1d119ecb17ad
Blut aus Nord	Memoria Vetusta III: Saturnian Poetry	Clarissima mundi lumina	7	509	L	1442145064	b8426215-d491-4859-b602-15f0d2c3e264
